Determining if the pthread_create exist failed with the following output:
Change Dir: /home/samson/Documents/Programming/CS680_Haile/PA2/build/CMakeFiles/CMakeTmp

Run Build Command:"/usr/bin/make" "cmTC_740d5/fast"
/usr/bin/make -f CMakeFiles/cmTC_740d5.dir/build.make CMakeFiles/cmTC_740d5.dir/build
make[1]: Entering directory '/home/samson/Documents/Programming/CS680_Haile/PA2/build/CMakeFiles/CMakeTmp'
Building C object CMakeFiles/cmTC_740d5.dir/CheckSymbolExists.c.o
/usr/bin/cc     -o CMakeFiles/cmTC_740d5.dir/CheckSymbolExists.c.o   -c /home/samson/Documents/Programming/CS680_Haile/PA2/build/CMakeFiles/CMakeTmp/CheckSymbolExists.c
Linking C executable cmTC_740d5
/usr/bin/cmake -E cmake_link_script CMakeFiles/cmTC_740d5.dir/link.txt --verbose=1
/usr/bin/cc       CMakeFiles/cmTC_740d5.dir/CheckSymbolExists.c.o  -o cmTC_740d5 -rdynamic 
CMakeFiles/cmTC_740d5.dir/CheckSymbolExists.c.o: In function `main':
CheckSymbolExists.c:(.text+0x16): undefined reference to `pthread_create'
collect2: error: ld returned 1 exit status
CMakeFiles/cmTC_740d5.dir/build.make:97: recipe for target 'cmTC_740d5' failed
make[1]: *** [cmTC_740d5] Error 1
make[1]: Leaving directory '/home/samson/Documents/Programming/CS680_Haile/PA2/build/CMakeFiles/CMakeTmp'
Makefile:126: recipe for target 'cmTC_740d5/fast' failed
make: *** [cmTC_740d5/fast] Error 2

File /home/samson/Documents/Programming/CS680_Haile/PA2/build/CMakeFiles/CMakeTmp/CheckSymbolExists.c:
/* */
#include <pthread.h>

int main(int argc, char** argv)
{
  (void)argv;
#ifndef pthread_create
  return ((int*)(&pthread_create))[argc];
#else
  (void)argc;
  return 0;
#endif
}

Determining if the function pthread_create exists in the pthreads failed with the following output:
Change Dir: /home/samson/Documents/Programming/CS680_Haile/PA2/build/CMakeFiles/CMakeTmp

Run Build Command:"/usr/bin/make" "cmTC_408ef/fast"
/usr/bin/make -f CMakeFiles/cmTC_408ef.dir/build.make CMakeFiles/cmTC_408ef.dir/build
make[1]: Entering directory '/home/samson/Documents/Programming/CS680_Haile/PA2/build/CMakeFiles/CMakeTmp'
Building C object CMakeFiles/cmTC_408ef.dir/CheckFunctionExists.c.o
/usr/bin/cc    -DCHECK_FUNCTION_EXISTS=pthread_create   -o CMakeFiles/cmTC_408ef.dir/CheckFunctionExists.c.o   -c /usr/share/cmake-3.5/Modules/CheckFunctionExists.c
Linking C executable cmTC_408ef
/usr/bin/cmake -E cmake_link_script CMakeFiles/cmTC_408ef.dir/link.txt --verbose=1
/usr/bin/cc   -DCHECK_FUNCTION_EXISTS=pthread_create    CMakeFiles/cmTC_408ef.dir/CheckFunctionExists.c.o  -o cmTC_408ef -rdynamic -lpthreads 
/usr/bin/ld: cannot find -lpthreads
collect2: error: ld returned 1 exit status
CMakeFiles/cmTC_408ef.dir/build.make:97: recipe for target 'cmTC_408ef' failed
make[1]: *** [cmTC_408ef] Error 1
make[1]: Leaving directory '/home/samson/Documents/Programming/CS680_Haile/PA2/build/CMakeFiles/CMakeTmp'
Makefile:126: recipe for target 'cmTC_408ef/fast' failed
make: *** [cmTC_408ef/fast] Error 2


