Determining if the pthread_create exist failed with the following output:
Change Dir: /home/hbs/Desktop/CS480/CS680_Haile/PA7/build/CMakeFiles/CMakeTmp

Run Build Command:"/usr/bin/make" "cmTC_5fab6/fast"
/usr/bin/make -f CMakeFiles/cmTC_5fab6.dir/build.make CMakeFiles/cmTC_5fab6.dir/build
make[1]: Entering directory '/home/hbs/Desktop/CS480/CS680_Haile/PA7/build/CMakeFiles/CMakeTmp'
Building C object CMakeFiles/cmTC_5fab6.dir/CheckSymbolExists.c.o
/usr/bin/cc     -o CMakeFiles/cmTC_5fab6.dir/CheckSymbolExists.c.o   -c /home/hbs/Desktop/CS480/CS680_Haile/PA7/build/CMakeFiles/CMakeTmp/CheckSymbolExists.c
Linking C executable cmTC_5fab6
/usr/bin/cmake -E cmake_link_script CMakeFiles/cmTC_5fab6.dir/link.txt --verbose=1
/usr/bin/cc       CMakeFiles/cmTC_5fab6.dir/CheckSymbolExists.c.o  -o cmTC_5fab6 -rdynamic 
CMakeFiles/cmTC_5fab6.dir/CheckSymbolExists.c.o: In function `main':
CheckSymbolExists.c:(.text+0x16): undefined reference to `pthread_create'
collect2: error: ld returned 1 exit status
CMakeFiles/cmTC_5fab6.dir/build.make:97: recipe for target 'cmTC_5fab6' failed
make[1]: *** [cmTC_5fab6] Error 1
make[1]: Leaving directory '/home/hbs/Desktop/CS480/CS680_Haile/PA7/build/CMakeFiles/CMakeTmp'
Makefile:126: recipe for target 'cmTC_5fab6/fast' failed
make: *** [cmTC_5fab6/fast] Error 2

File /home/hbs/Desktop/CS480/CS680_Haile/PA7/build/CMakeFiles/CMakeTmp/CheckSymbolExists.c:
/* */
#include <pthread.h>

int main(int argc, char** argv)
{
  (void)argv;
#ifndef pthread_create
  return ((int*)(&pthread_create))[argc];
#else
  (void)argc;
  return 0;
#endif
}

Determining if the function pthread_create exists in the pthreads failed with the following output:
Change Dir: /home/hbs/Desktop/CS480/CS680_Haile/PA7/build/CMakeFiles/CMakeTmp

Run Build Command:"/usr/bin/make" "cmTC_6766f/fast"
/usr/bin/make -f CMakeFiles/cmTC_6766f.dir/build.make CMakeFiles/cmTC_6766f.dir/build
make[1]: Entering directory '/home/hbs/Desktop/CS480/CS680_Haile/PA7/build/CMakeFiles/CMakeTmp'
Building C object CMakeFiles/cmTC_6766f.dir/CheckFunctionExists.c.o
/usr/bin/cc    -DCHECK_FUNCTION_EXISTS=pthread_create   -o CMakeFiles/cmTC_6766f.dir/CheckFunctionExists.c.o   -c /usr/share/cmake-3.5/Modules/CheckFunctionExists.c
Linking C executable cmTC_6766f
/usr/bin/cmake -E cmake_link_script CMakeFiles/cmTC_6766f.dir/link.txt --verbose=1
/usr/bin/cc   -DCHECK_FUNCTION_EXISTS=pthread_create    CMakeFiles/cmTC_6766f.dir/CheckFunctionExists.c.o  -o cmTC_6766f -rdynamic -lpthreads 
/usr/bin/ld: cannot find -lpthreads
collect2: error: ld returned 1 exit status
CMakeFiles/cmTC_6766f.dir/build.make:97: recipe for target 'cmTC_6766f' failed
make[1]: *** [cmTC_6766f] Error 1
make[1]: Leaving directory '/home/hbs/Desktop/CS480/CS680_Haile/PA7/build/CMakeFiles/CMakeTmp'
Makefile:126: recipe for target 'cmTC_6766f/fast' failed
make: *** [cmTC_6766f/fast] Error 2


