Determining if the pthread_create exist failed with the following output:
Change Dir: /home/hbs/Desktop/CS480/CS680_Haile/PA10/build/CMakeFiles/CMakeTmp

Run Build Command:"/usr/bin/make" "cmTC_7a0eb/fast"
/usr/bin/make -f CMakeFiles/cmTC_7a0eb.dir/build.make CMakeFiles/cmTC_7a0eb.dir/build
make[1]: Entering directory '/home/hbs/Desktop/CS480/CS680_Haile/PA10/build/CMakeFiles/CMakeTmp'
Building C object CMakeFiles/cmTC_7a0eb.dir/CheckSymbolExists.c.o
/usr/bin/cc     -o CMakeFiles/cmTC_7a0eb.dir/CheckSymbolExists.c.o   -c /home/hbs/Desktop/CS480/CS680_Haile/PA10/build/CMakeFiles/CMakeTmp/CheckSymbolExists.c
Linking C executable cmTC_7a0eb
/usr/bin/cmake -E cmake_link_script CMakeFiles/cmTC_7a0eb.dir/link.txt --verbose=1
/usr/bin/cc       CMakeFiles/cmTC_7a0eb.dir/CheckSymbolExists.c.o  -o cmTC_7a0eb -rdynamic 
CMakeFiles/cmTC_7a0eb.dir/CheckSymbolExists.c.o: In function `main':
CheckSymbolExists.c:(.text+0x16): undefined reference to `pthread_create'
collect2: error: ld returned 1 exit status
CMakeFiles/cmTC_7a0eb.dir/build.make:97: recipe for target 'cmTC_7a0eb' failed
make[1]: *** [cmTC_7a0eb] Error 1
make[1]: Leaving directory '/home/hbs/Desktop/CS480/CS680_Haile/PA10/build/CMakeFiles/CMakeTmp'
Makefile:126: recipe for target 'cmTC_7a0eb/fast' failed
make: *** [cmTC_7a0eb/fast] Error 2

File /home/hbs/Desktop/CS480/CS680_Haile/PA10/build/CMakeFiles/CMakeTmp/CheckSymbolExists.c:
/* */
#include <pthread.h>

int main(int argc, char** argv)
{
  (void)argv;
#ifndef pthread_create
  return ((int*)(&pthread_create))[argc];
#else
  (void)argc;
  return 0;
#endif
}

Determining if the function pthread_create exists in the pthreads failed with the following output:
Change Dir: /home/hbs/Desktop/CS480/CS680_Haile/PA10/build/CMakeFiles/CMakeTmp

Run Build Command:"/usr/bin/make" "cmTC_64b69/fast"
/usr/bin/make -f CMakeFiles/cmTC_64b69.dir/build.make CMakeFiles/cmTC_64b69.dir/build
make[1]: Entering directory '/home/hbs/Desktop/CS480/CS680_Haile/PA10/build/CMakeFiles/CMakeTmp'
Building C object CMakeFiles/cmTC_64b69.dir/CheckFunctionExists.c.o
/usr/bin/cc    -DCHECK_FUNCTION_EXISTS=pthread_create   -o CMakeFiles/cmTC_64b69.dir/CheckFunctionExists.c.o   -c /usr/share/cmake-3.5/Modules/CheckFunctionExists.c
Linking C executable cmTC_64b69
/usr/bin/cmake -E cmake_link_script CMakeFiles/cmTC_64b69.dir/link.txt --verbose=1
/usr/bin/cc   -DCHECK_FUNCTION_EXISTS=pthread_create    CMakeFiles/cmTC_64b69.dir/CheckFunctionExists.c.o  -o cmTC_64b69 -rdynamic -lpthreads 
/usr/bin/ld: cannot find -lpthreads
collect2: error: ld returned 1 exit status
CMakeFiles/cmTC_64b69.dir/build.make:97: recipe for target 'cmTC_64b69' failed
make[1]: *** [cmTC_64b69] Error 1
make[1]: Leaving directory '/home/hbs/Desktop/CS480/CS680_Haile/PA10/build/CMakeFiles/CMakeTmp'
Makefile:126: recipe for target 'cmTC_64b69/fast' failed
make: *** [cmTC_64b69/fast] Error 2


